#
# There is insufficient memory for the Java Runtime Environment to continue.
# Native memory allocation (malloc) failed to allocate 32744 bytes for ChunkPool::allocate
# Possible reasons:
#   The system is out of physical RAM or swap space
#   The process is running with CompressedOops enabled, and the Java Heap may be blocking the growth of the native heap
# Possible solutions:
#   Reduce memory load on the system
#   Increase physical memory or swap space
#   Check if swap backing store is full
#   Decrease Java heap size (-Xmx/-Xms)
#   Decrease number of Java threads
#   Decrease Java thread stack sizes (-Xss)
#   Set larger code cache with -XX:ReservedCodeCacheSize=
#   JVM is running with Unscaled Compressed Oops mode in which the Java heap is
#     placed in the first 4GB address space. The Java Heap base address is the
#     maximum limit for the native heap growth. Please use -XX:HeapBaseMinAddress
#     to set the Java Heap base and to place the Java Heap above 4GB virtual address.
# This output file may be truncated or incomplete.
#
#  Out of Memory Error (allocation.cpp:272), pid=16264, tid=0x0000000000005720
#
# JRE version: OpenJDK Runtime Environment (8.0_242-b01) (build 1.8.0_242-release-1644-b01)
# Java VM: OpenJDK 64-Bit Server VM (25.242-b01 mixed mode windows-amd64 compressed oops)
# Failed to write core dump. Minidumps are not enabled by default on client versions of Windows
#

---------------  T H R E A D  ---------------

Current thread (0x0000000019443800):  JavaThread "Daemon worker" [_thread_in_vm, id=22304, stack(0x000000001ad40000,0x000000001ae40000)]

Stack: [0x000000001ad40000,0x000000001ae40000]
[error occurred during error reporting (printing stack bounds), id 0xc0000005]

Native frames: (J=compiled Java code, j=interpreted, Vv=VM code, C=native code)

Java frames: (J=compiled Java code, j=interpreted, Vv=VM code)
j  org.gradle.configuration.DefaultImportsReader$2.processLine(Ljava/lang/String;)Z+37
j  com.google.common.io.CharStreams.readLines(Ljava/lang/Readable;Lcom/google/common/io/LineProcessor;)Ljava/lang/Object;+30
j  com.google.common.io.CharSource.readLines(Lcom/google/common/io/LineProcessor;)Ljava/lang/Object;+23
j  org.gradle.configuration.DefaultImportsReader.<init>()V+93
j  org.gradle.internal.service.scopes.GlobalScopeServices.createImportsReader()Lorg/gradle/configuration/ImportsReader;+4
v  ~StubRoutines::call_stub
j  sun.reflect.NativeMethodAccessorImpl.invoke0(Ljava/lang/reflect/Method;Ljava/lang/Object;[Ljava/lang/Object;)Ljava/lang/Object;+0
j  sun.reflect.NativeMethodAccessorImpl.invoke(Ljava/lang/Object;[Ljava/lang/Object;)Ljava/lang/Object;+100
J 1268 C1 sun.reflect.DelegatingMethodAccessorImpl.invoke(Ljava/lang/Object;[Ljava/lang/Object;)Ljava/lang/Object; (10 bytes) @ 0x00000000035fd7c4 [0x00000000035fd6c0+0x104]
J 1267 C1 java.lang.reflect.Method.invoke(Ljava/lang/Object;[Ljava/lang/Object;)Ljava/lang/Object; (62 bytes) @ 0x00000000035f8bac [0x00000000035f87c0+0x3ec]
j  org.gradle.internal.reflect.JavaMethod.invoke(Ljava/lang/Object;[Ljava/lang/Object;)Ljava/lang/Object;+6
j  org.gradle.internal.service.ReflectionBasedServiceMethod.invoke(Ljava/lang/Object;[Ljava/lang/Object;)Ljava/lang/Object;+6
j  org.gradle.internal.service.DefaultServiceRegistry$FactoryMethodService.invokeMethod([Ljava/lang/Object;)Ljava/lang/Object;+9
j  org.gradle.internal.service.DefaultServiceRegistry$FactoryService.create()Ljava/lang/Object;+7
J 1428 C1 org.gradle.internal.service.DefaultServiceRegistry$ManagedObjectServiceProvider.getInstance()Ljava/lang/Object; (81 bytes) @ 0x00000000036597cc [0x0000000003659580+0x24c]
J 1427 C1 org.gradle.internal.service.DefaultServiceRegistry$SingletonService.get()Ljava/lang/Object; (5 bytes) @ 0x0000000003659db4 [0x0000000003659cc0+0xf4]
j  org.gradle.internal.service.DefaultServiceRegistry$FactoryService.assembleParameters()[Ljava/lang/Object;+44
j  org.gradle.internal.service.DefaultServiceRegistry$FactoryService.create()Ljava/lang/Object;+1
J 1428 C1 org.gradle.internal.service.DefaultServiceRegistry$ManagedObjectServiceProvider.getInstance()Ljava/lang/Object; (81 bytes) @ 0x00000000036597cc [0x0000000003659580+0x24c]
J 1427 C1 org.gradle.internal.service.DefaultServiceRegistry$SingletonService.get()Ljava/lang/Object; (5 bytes) @ 0x0000000003659db4 [0x0000000003659cc0+0xf4]
j  org.gradle.internal.service.DefaultServiceRegistry$FactoryService.assembleParameters()[Ljava/lang/Object;+44
j  org.gradle.internal.service.DefaultServiceRegistry$FactoryService.create()Ljava/lang/Object;+1
J 1428 C1 org.gradle.internal.service.DefaultServiceRegistry$ManagedObjectServiceProvider.getInstance()Ljava/lang/Object; (81 bytes) @ 0x00000000036597cc [0x0000000003659580+0x24c]
J 1427 C1 org.gradle.internal.service.DefaultServiceRegistry$SingletonService.get()Ljava/lang/Object; (5 bytes) @ 0x0000000003659db4 [0x0000000003659cc0+0xf4]
j  org.gradle.internal.service.DefaultServiceRegistry.find(Ljava/lang/reflect/Type;)Ljava/lang/Object;+22
j  org.gradle.internal.service.DefaultServiceRegistry.get(Ljava/lang/reflect/Type;)Ljava/lang/Object;+2
j  org.gradle.internal.service.DefaultServiceRegistry.get(Ljava/lang/Class;)Ljava/lang/Object;+3
j  org.gradle.internal.service.scopes.BuildScopeServices.defaultScriptPluginFactory()Lorg/gradle/configuration/DefaultScriptPluginFactory;+7
j  org.gradle.internal.service.scopes.BuildScopeServices.createScriptPluginFactory(Lorg/gradle/internal/instantiation/InstantiatorFactory;Lorg/gradle/internal/operations/BuildOperationExecutor;Lorg/gradle/configuration/internal/UserCodeApplicationContext;)Lorg/gradle/configuration/ScriptPluginFactory;+1
v  ~StubRoutines::call_stub
j  sun.reflect.NativeMethodAccessorImpl.invoke0(Ljava/lang/reflect/Method;Ljava/lang/Object;[Ljava/lang/Object;)Ljava/lang/Object;+0
j  sun.reflect.NativeMethodAccessorImpl.invoke(Ljava/lang/Object;[Ljava/lang/Object;)Ljava/lang/Object;+100
J 1268 C1 sun.reflect.DelegatingMethodAccessorImpl.invoke(Ljava/lang/Object;[Ljava/lang/Object;)Ljava/lang/Object; (10 bytes) @ 0x00000000035fd7c4 [0x00000000035fd6c0+0x104]
J 1267 C1 java.lang.reflect.Method.invoke(Ljava/lang/Object;[Ljava/lang/Object;)Ljava/lang/Object; (62 bytes) @ 0x00000000035f8bac [0x00000000035f87c0+0x3ec]
j  org.gradle.internal.reflect.JavaMethod.invoke(Ljava/lang/Object;[Ljava/lang/Object;)Ljava/lang/Object;+6
j  org.gradle.internal.service.ReflectionBasedServiceMethod.invoke(Ljava/lang/Object;[Ljava/lang/Object;)Ljava/lang/Object;+6
j  org.gradle.internal.service.DefaultServiceRegistry$FactoryMethodService.invokeMethod([Ljava/lang/Object;)Ljava/lang/Object;+9
j  org.gradle.internal.service.DefaultServiceRegistry$FactoryService.create()Ljava/lang/Object;+7
J 1428 C1 org.gradle.internal.service.DefaultServiceRegistry$ManagedObjectServiceProvider.getInstance()Ljava/lang/Object; (81 bytes) @ 0x00000000036597cc [0x0000000003659580+0x24c]
J 1427 C1 org.gradle.internal.service.DefaultServiceRegistry$SingletonService.get()Ljava/lang/Object; (5 bytes) @ 0x0000000003659db4 [0x0000000003659cc0+0xf4]
j  org.gradle.internal.service.DefaultServiceRegistry$FactoryService.assembleParameters()[Ljava/lang/Object;+44
j  org.gradle.internal.service.DefaultServiceRegistry$FactoryService.create()Ljava/lang/Object;+1
J 1428 C1 org.gradle.internal.service.DefaultServiceRegistry$ManagedObjectServiceProvider.getInstance()Ljava/lang/Object; (81 bytes) @ 0x00000000036597cc [0x0000000003659580+0x24c]
J 1427 C1 org.gradle.internal.service.DefaultServiceRegistry$SingletonService.get()Ljava/lang/Object; (5 bytes) @ 0x0000000003659db4 [0x0000000003659cc0+0xf4]
j  org.gradle.internal.service.DefaultServiceRegistry$FactoryService.assembleParameters()[Ljava/lang/Object;+44
j  org.gradle.internal.service.DefaultServiceRegistry$FactoryService.create()Ljava/lang/Object;+1
J 1428 C1 org.gradle.internal.service.DefaultServiceRegistry$ManagedObjectServiceProvider.getInstance()Ljava/lang/Object; (81 bytes) @ 0x00000000036597cc [0x0000000003659580+0x24c]
J 1427 C1 org.gradle.internal.service.DefaultServiceRegistry$SingletonService.get()Ljava/lang/Object; (5 bytes) @ 0x0000000003659db4 [0x0000000003659cc0+0xf4]
j  org.gradle.internal.service.DefaultServiceRegistry.find(Ljava/lang/reflect/Type;)Ljava/lang/Object;+22
j  org.gradle.internal.service.DefaultServiceRegistry.get(Ljava/lang/reflect/Type;)Ljava/lang/Object;+2
j  org.gradle.internal.service.DefaultServiceRegistry.get(Ljava/lang/Class;)Ljava/lang/Object;+3
j  org.gradle.initialization.DefaultGradleLauncherFactory.doNewInstance(Lorg/gradle/api/internal/BuildDefinition;Lorg/gradle/internal/build/BuildState;Lorg/gradle/initialization/GradleLauncher;Lorg/gradle/internal/service/scopes/BuildTreeScopeServices;Ljava/util/List;)Lorg/gradle/initialization/DefaultGradleLauncher;+231
j  org.gradle.initialization.DefaultGradleLauncherFactory.newInstance(Lorg/gradle/api/internal/BuildDefinition;Lorg/gradle/internal/build/RootBuildState;Lorg/gradle/internal/service/scopes/BuildTreeScopeServices;)Lorg/gradle/initialization/GradleLauncher;+33
j  org.gradle.composite.internal.DefaultRootBuildState.<init>(Lorg/gradle/api/internal/BuildDefinition;Lorg/gradle/initialization/GradleLauncherFactory;Lorg/gradle/internal/event/ListenerManager;Lorg/gradle/internal/service/scopes/BuildTreeScopeServices;)V+15
j  org.gradle.composite.internal.DefaultIncludedBuildRegistry.createRootBuild(Lorg/gradle/api/internal/BuildDefinition;)Lorg/gradle/internal/build/RootBuildState;+35
j  org.gradle.launcher.exec.InProcessBuildActionExecuter.execute(Lorg/gradle/internal/invocation/BuildAction;Lorg/gradle/initialization/BuildRequestContext;Lorg/gradle/launcher/exec/BuildActionParameters;Lorg/gradle/internal/service/ServiceRegistry;)Lorg/gradle/launcher/exec/BuildActionResult;+61
j  org.gradle.launcher.exec.InProcessBuildActionExecuter.execute(Lorg/gradle/internal/invocation/BuildAction;Lorg/gradle/initialization/BuildRequestContext;Ljava/lang/Object;Lorg/gradle/internal/service/ServiceRegistry;)Lorg/gradle/launcher/exec/BuildActionResult;+9
j  org.gradle.launcher.exec.BuildTreeScopeBuildActionExecuter.execute(Lorg/gradle/internal/invocation/BuildAction;Lorg/gradle/initialization/BuildRequestContext;Lorg/gradle/launcher/exec/BuildActionParameters;Lorg/gradle/internal/service/ServiceRegistry;)Lorg/gradle/launcher/exec/BuildActionResult;+38
j  org.gradle.launcher.exec.BuildTreeScopeBuildActionExecuter.execute(Lorg/gradle/internal/invocation/BuildAction;Lorg/gradle/initialization/BuildRequestContext;Ljava/lang/Object;Lorg/gradle/internal/service/ServiceRegistry;)Lorg/gradle/launcher/exec/BuildActionResult;+9
j  org.gradle.tooling.internal.provider.ContinuousBuildActionExecuter.execute(Lorg/gradle/internal/invocation/BuildAction;Lorg/gradle/initialization/BuildRequestContext;Lorg/gradle/launcher/exec/BuildActionParameters;Lorg/gradle/internal/service/ServiceRegistry;)Lorg/gradle/launcher/exec/BuildActionResult;+58
j  org.gradle.tooling.internal.provider.ContinuousBuildActionExecuter.execute(Lorg/gradle/internal/invocation/BuildAction;Lorg/gradle/initialization/BuildRequestContext;Ljava/lang/Object;Lorg/gradle/internal/service/ServiceRegistry;)Lorg/gradle/launcher/exec/BuildActionResult;+9
j  org.gradle.tooling.internal.provider.SubscribableBuildActionExecuter.execute(Lorg/gradle/internal/invocation/BuildAction;Lorg/gradle/initialization/BuildRequestContext;Lorg/gradle/launcher/exec/BuildActionParameters;Lorg/gradle/internal/service/ServiceRegistry;)Lorg/gradle/launcher/exec/BuildActionResult;+41
j  org.gradle.tooling.internal.provider.SubscribableBuildActionExecuter.execute(Lorg/gradle/internal/invocation/BuildAction;Lorg/gradle/initialization/BuildRequestContext;Ljava/lang/Object;Lorg/gradle/internal/service/ServiceRegistry;)Lorg/gradle/launcher/exec/BuildActionResult;+9
j  org.gradle.tooling.internal.provider.SessionScopeBuildActionExecuter.execute(Lorg/gradle/internal/invocation/BuildAction;Lorg/gradle/initialization/BuildRequestContext;Lorg/gradle/launcher/exec/BuildActionParameters;Lorg/gradle/internal/service/ServiceRegistry;)Lorg/gradle/launcher/exec/BuildActionResult;+117
j  org.gradle.tooling.internal.provider.SessionScopeBuildActionExecuter.execute(Lorg/gradle/internal/invocation/BuildAction;Lorg/gradle/initialization/BuildRequestContext;Ljava/lang/Object;Lorg/gradle/internal/service/ServiceRegistry;)Lorg/gradle/launcher/exec/BuildActionResult;+9
j  org.gradle.tooling.internal.provider.GradleThreadBuildActionExecuter.execute(Lorg/gradle/internal/invocation/BuildAction;Lorg/gradle/initialization/BuildRequestContext;Lorg/gradle/launcher/exec/BuildActionParameters;Lorg/gradle/internal/service/ServiceRegistry;)Lorg/gradle/launcher/exec/BuildActionResult;+12
j  org.gradle.tooling.internal.provider.GradleThreadBuildActionExecuter.execute(Lorg/gradle/internal/invocation/BuildAction;Lorg/gradle/initialization/BuildRequestContext;Ljava/lang/Object;Lorg/gradle/internal/service/ServiceRegistry;)Lorg/gradle/launcher/exec/BuildActionResult;+9
j  org.gradle.tooling.internal.provider.ParallelismConfigurationBuildActionExecuter.execute(Lorg/gradle/internal/invocation/BuildAction;Lorg/gradle/initialization/BuildRequestContext;Lorg/gradle/launcher/exec/BuildActionParameters;Lorg/gradle/internal/service/ServiceRegistry;)Lorg/gradle/launcher/exec/BuildActionResult;+43
j  org.gradle.tooling.internal.provider.ParallelismConfigurationBuildActionExecuter.execute(Lorg/gradle/internal/invocation/BuildAction;Lorg/gradle/initialization/BuildRequestContext;Ljava/lang/Object;Lorg/gradle/internal/service/ServiceRegistry;)Lorg/gradle/launcher/exec/BuildActionResult;+9
j  org.gradle.tooling.internal.provider.StartParamsValidatingActionExecuter.execute(Lorg/gradle/internal/invocation/BuildAction;Lorg/gradle/initialization/BuildRequestContext;Lorg/gradle/launcher/exec/BuildActionParameters;Lorg/gradle/internal/service/ServiceRegistry;)Lorg/gradle/launcher/exec/BuildActionResult;+177
j  org.gradle.tooling.internal.provider.StartParamsValidatingActionExecuter.execute(Lorg/gradle/internal/invocation/BuildAction;Lorg/gradle/initialization/BuildRequestContext;Ljava/lang/Object;Lorg/gradle/internal/service/ServiceRegistry;)Lorg/gradle/launcher/exec/BuildActionResult;+9
j  org.gradle.tooling.internal.provider.SessionFailureReportingActionExecuter.execute(Lorg/gradle/internal/invocation/BuildAction;Lorg/gradle/initialization/BuildRequestContext;Lorg/gradle/launcher/exec/BuildActionParameters;Lorg/gradle/internal/service/ServiceRegistry;)Lorg/gradle/launcher/exec/BuildActionResult;+9
j  org.gradle.tooling.internal.provider.SessionFailureReportingActionExecuter.execute(Lorg/gradle/internal/invocation/BuildAction;Lorg/gradle/initialization/BuildRequestContext;Ljava/lang/Object;Lorg/gradle/internal/service/ServiceRegistry;)Lorg/gradle/launcher/exec/BuildActionResult;+9
j  org.gradle.tooling.internal.provider.SetupLoggingActionExecuter.execute(Lorg/gradle/internal/invocation/BuildAction;Lorg/gradle/initialization/BuildRequestContext;Lorg/gradle/launcher/exec/BuildActionParameters;Lorg/gradle/internal/service/ServiceRegistry;)Lorg/gradle/launcher/exec/BuildActionResult;+52
j  org.gradle.tooling.internal.provider.SetupLoggingActionExecuter.execute(Lorg/gradle/internal/invocation/BuildAction;Lorg/gradle/initialization/BuildRequestContext;Ljava/lang/Object;Lorg/gradle/internal/service/ServiceRegistry;)Lorg/gradle/launcher/exec/BuildActionResult;+9
j  org.gradle.launcher.daemon.server.exec.ExecuteBuild.doBuild(Lorg/gradle/launcher/daemon/server/api/DaemonCommandExecution;Lorg/gradle/launcher/daemon/protocol/Build;)V+118
j  org.gradle.launcher.daemon.server.exec.BuildCommandOnly.execute(Lorg/gradle/launcher/daemon/server/api/DaemonCommandExecution;)V+49
j  org.gradle.launcher.daemon.server.api.DaemonCommandExecution.proceed()Z+23
j  org.gradle.launcher.daemon.server.exec.WatchForDisconnection.execute(Lorg/gradle/launcher/daemon/server/api/DaemonCommandExecution;)V+19
j  org.gradle.launcher.daemon.server.api.DaemonCommandExecution.proceed()Z+23
j  org.gradle.launcher.daemon.server.exec.ResetDeprecationLogger.execute(Lorg/gradle/launcher/daemon/server/api/DaemonCommandExecution;)V+7
j  org.gradle.launcher.daemon.server.api.DaemonCommandExecution.proceed()Z+23
j  org.gradle.launcher.daemon.server.exec.RequestStopIfSingleUsedDaemon.execute(Lorg/gradle/launcher/daemon/server/api/DaemonCommandExecution;)V+33
j  org.gradle.launcher.daemon.server.api.DaemonCommandExecution.proceed()Z+23
j  org.gradle.launcher.daemon.server.exec.ForwardClientInput$2.create()Ljava/lang/Void;+4
j  org.gradle.launcher.daemon.server.exec.ForwardClientInput$2.create()Ljava/lang/Object;+1
j  org.gradle.util.Swapper.swap(Ljava/lang/Object;Lorg/gradle/internal/Factory;)Ljava/lang/Object;+21
j  org.gradle.launcher.daemon.server.exec.ForwardClientInput.execute(Lorg/gradle/launcher/daemon/server/api/DaemonCommandExecution;)V+63
j  org.gradle.launcher.daemon.server.api.DaemonCommandExecution.proceed()Z+23
j  org.gradle.launcher.daemon.server.exec.LogAndCheckHealth.execute(Lorg/gradle/launcher/daemon/server/api/DaemonCommandExecution;)V+28
j  org.gradle.launcher.daemon.server.api.DaemonCommandExecution.proceed()Z+23
j  org.gradle.launcher.daemon.server.exec.LogToClient.doBuild(Lorg/gradle/launcher/daemon/server/api/DaemonCommandExecution;Lorg/gradle/launcher/daemon/protocol/Build;)V+87
j  org.gradle.launcher.daemon.server.exec.BuildCommandOnly.execute(Lorg/gradle/launcher/daemon/server/api/DaemonCommandExecution;)V+49
j  org.gradle.launcher.daemon.server.api.DaemonCommandExecution.proceed()Z+23
j  org.gradle.launcher.daemon.server.exec.EstablishBuildEnvironment.doBuild(Lorg/gradle/launcher/daemon/server/api/DaemonCommandExecution;Lorg/gradle/launcher/daemon/protocol/Build;)V+351
j  org.gradle.launcher.daemon.server.exec.BuildCommandOnly.execute(Lorg/gradle/launcher/daemon/server/api/DaemonCommandExecution;)V+49
j  org.gradle.launcher.daemon.server.api.DaemonCommandExecution.proceed()Z+23
j  org.gradle.launcher.daemon.server.exec.StartBuildOrRespondWithBusy$1.run()V+44
j  org.gradle.launcher.daemon.server.DaemonStateCoordinator$1.run()V+4
j  org.gradle.internal.concurrent.ExecutorPolicy$CatchAndRecordFailures.onExecute(Ljava/lang/Runnable;)V+1
j  org.gradle.internal.concurrent.ManagedExecutorImpl$1.run()V+25
j  java.util.concurrent.ThreadPoolExecutor.runWorker(Ljava/util/concurrent/ThreadPoolExecutor$Worker;)V+95
j  java.util.concurrent.ThreadPoolExecutor$Worker.run()V+5
j  org.gradle.internal.concurrent.ThreadFactoryImpl$ManagedThreadRunnable.run()V+7
j  java.lang.Thread.run()V+11
v  ~StubRoutines::call_stub

---------------  P R O C E S S  ---------------

Java Threads: ( => current thread )
  0x00000000194fb000 JavaThread "Cache worker for file hash cache (C:\Users\rafa\.gradle\caches\6.2\fileHashes)" [_thread_blocked, id=16300, stack(0x000000001c610000,0x000000001c710000)]
  0x00000000194f8800 JavaThread "File lock request listener" [_thread_in_native, id=18952, stack(0x000000001b540000,0x000000001b640000)]
  0x0000000019516800 JavaThread "Cache worker for journal cache (C:\Users\rafa\.gradle\caches\journal-1)" [_thread_blocked, id=11644, stack(0x000000001b440000,0x000000001b540000)]
  0x00000000193dd800 JavaThread "Thread-9" [_thread_blocked, id=22988, stack(0x000000001b140000,0x000000001b240000)]
  0x00000000193dc800 JavaThread "Stdin handler" [_thread_blocked, id=22636, stack(0x000000001b040000,0x000000001b140000)]
  0x0000000019446000 JavaThread "Asynchronous log dispatcher for DefaultDaemonConnection: socket connection from /127.0.0.1:65027 to /127.0.0.1:65028" [_thread_blocked, id=20728, stack(0x000000001ae40000,0x000000001af40000)]
=>0x0000000019443800 JavaThread "Daemon worker" [_thread_in_vm, id=22304, stack(0x000000001ad40000,0x000000001ae40000)]
  0x000000001943e800 JavaThread "Cancel handler" [_thread_blocked, id=3316, stack(0x000000001ac40000,0x000000001ad40000)]
  0x0000000019436000 JavaThread "Handler for socket connection from /127.0.0.1:65027 to /127.0.0.1:65028" [_thread_in_native, id=12004, stack(0x000000001a940000,0x000000001aa40000)]
  0x0000000019433000 JavaThread "Daemon" [_thread_blocked, id=20932, stack(0x000000001a840000,0x000000001a940000)]
  0x0000000019423800 JavaThread "Daemon periodic checks" [_thread_blocked, id=18788, stack(0x000000001a740000,0x000000001a840000)]
  0x00000000193a9000 JavaThread "Incoming local TCP Connector on port 65027" [_thread_in_native, id=11012, stack(0x000000001a4d0000,0x000000001a5d0000)]
  0x0000000019366800 JavaThread "Daemon health stats" [_thread_blocked, id=10820, stack(0x0000000019e90000,0x0000000019f90000)]
  0x0000000016872000 JavaThread "Service Thread" daemon [_thread_blocked, id=19100, stack(0x00000000174f0000,0x00000000175f0000)]
  0x0000000016819000 JavaThread "C1 CompilerThread3" daemon [_thread_blocked, id=15108, stack(0x00000000173f0000,0x00000000174f0000)]
  0x0000000016815000 JavaThread "C2 CompilerThread2" daemon [_thread_in_native, id=14044, stack(0x00000000172f0000,0x00000000173f0000)]
  0x0000000016804800 JavaThread "C2 CompilerThread1" daemon [_thread_in_native, id=6176, stack(0x00000000171f0000,0x00000000172f0000)]
  0x0000000016800800 JavaThread "C2 CompilerThread0" daemon [_thread_in_native, id=1296, stack(0x00000000170f0000,0x00000000171f0000)]
  0x00000000167ff000 JavaThread "Attach Listener" daemon [_thread_blocked, id=10672, stack(0x0000000016ff0000,0x00000000170f0000)]
  0x00000000167fe800 JavaThread "Signal Dispatcher" daemon [_thread_blocked, id=16720, stack(0x0000000016ef0000,0x0000000016ff0000)]
  0x0000000003169000 JavaThread "Finalizer" daemon [_thread_blocked, id=21932, stack(0x0000000016cd0000,0x0000000016dd0000)]
  0x00000000149dc800 JavaThread "Reference Handler" daemon [_thread_blocked, id=9144, stack(0x0000000016bd0000,0x0000000016cd0000)]
  0x000000000173e800 JavaThread "main" [_thread_blocked, id=17532, stack(0x0000000002f70000,0x0000000003070000)]

Other Threads:
  0x00000000149d7800 VMThread [stack: 0x00000000166d0000,0x00000000167d0000] [id=10252]
  0x0000000016873000 WatcherThread [stack: 0x00000000175f0000,0x00000000176f0000] [id=22788]

VM state:not at safepoint (normal execution)

VM Mutex/Monitor currently owned by a thread: None

heap address: 0x00000000e0000000, size: 512 MB, Compressed Oops mode: 32-bit
Narrow klass base: 0x0000000000000000, Narrow klass shift: 3
Compressed class space size: 1073741824 Address: 0x0000000100000000

Heap:
 PSYoungGen      total 76288K, used 37214K [0x00000000f5580000, 0x00000000faa80000, 0x0000000100000000)
  eden space 65536K, 42% used [0x00000000f5580000,0x00000000f70d45b8,0x00000000f9580000)
  from space 10752K, 85% used [0x00000000fa000000,0x00000000fa903410,0x00000000faa80000)
  to   space 10752K, 0% used [0x00000000f9580000,0x00000000f9580000,0x00000000fa000000)
 ParOldGen       total 175104K, used 24K [0x00000000e0000000, 0x00000000eab00000, 0x00000000f5580000)
  object space 175104K, 0% used [0x00000000e0000000,0x00000000e0006000,0x00000000eab00000)
 Metaspace       used 16958K, capacity 17562K, committed 17920K, reserved 1064960K
  class space    used 2307K, capacity 2477K, committed 2560K, reserved 1048576K

Card table byte_map: [0x0000000012530000,0x0000000012640000] byte_map_base: 0x0000000011e30000

Marking Bits: (ParMarkBitMap*) 0x00000000561af030
 Begin Bits: [0x0000000012ef0000, 0x00000000136f0000)
 End Bits:   [0x00000000136f0000, 0x0000000013ef0000)

Polling page: 0x00000000016e0000

CodeCache: size=245760Kb used=5416Kb max_used=5426Kb free=240343Kb
 bounds [0x0000000003170000, 0x00000000036c0000, 0x0000000012170000]
 total_blobs=1943 nmethods=1541 adapters=315
 compilation: enabled

Compilation events (10 events):
Event: 2.469 Thread 0x0000000016819000 nmethod 1541 0x00000000036bb110 code [0x00000000036bb280, 0x00000000036bb4a8]
Event: 2.469 Thread 0x0000000016804800 1542       4       java.nio.Buffer::position (43 bytes)
Event: 2.470 Thread 0x0000000016819000 1543       3       java.lang.StringBuilder::append (10 bytes)
Event: 2.470 Thread 0x0000000016819000 nmethod 1543 0x00000000036bb590 code [0x00000000036bb700, 0x00000000036bb888]
Event: 2.470 Thread 0x0000000016819000 1544       1       com.google.common.io.LineReader::access$000 (5 bytes)
Event: 2.470 Thread 0x0000000016819000 nmethod 1544 0x00000000036bb910 code [0x00000000036bba60, 0x00000000036bbb50]
Event: 2.470 Thread 0x0000000016804800 nmethod 1542 0x00000000036be890 code [0x00000000036be9c0, 0x00000000036bea78]
Event: 2.470 Thread 0x0000000016819000 1545       3       java.net.URLConnection::<init> (44 bytes)
Event: 2.470 Thread 0x0000000016804800 1546       4       java.io.WinNTFileSystem::normalize (231 bytes)
Event: 2.471 Thread 0x0000000016819000 nmethod 1545 0x00000000036be450 code [0x00000000036be5c0, 0x00000000036be7d0]

GC Heap History (4 events):
Event: 1.001 GC heap before
{Heap before GC invocations=1 (full 0):
 PSYoungGen      total 76288K, used 65536K [0x00000000f5580000, 0x00000000faa80000, 0x0000000100000000)
  eden space 65536K, 100% used [0x00000000f5580000,0x00000000f9580000,0x00000000f9580000)
  from space 10752K, 0% used [0x00000000fa000000,0x00000000fa000000,0x00000000faa80000)
  to   space 10752K, 0% used [0x00000000f9580000,0x00000000f9580000,0x00000000fa000000)
 ParOldGen       total 175104K, used 0K [0x00000000e0000000, 0x00000000eab00000, 0x00000000f5580000)
  object space 175104K, 0% used [0x00000000e0000000,0x00000000e0000000,0x00000000eab00000)
 Metaspace       used 7761K, capacity 7996K, committed 8320K, reserved 1056768K
  class space    used 948K, capacity 1047K, committed 1152K, reserved 1048576K
Event: 1.037 GC heap after
Heap after GC invocations=1 (full 0):
 PSYoungGen      total 76288K, used 5848K [0x00000000f5580000, 0x00000000faa80000, 0x0000000100000000)
  eden space 65536K, 0% used [0x00000000f5580000,0x00000000f5580000,0x00000000f9580000)
  from space 10752K, 54% used [0x00000000f9580000,0x00000000f9b36018,0x00000000fa000000)
  to   space 10752K, 0% used [0x00000000fa000000,0x00000000fa000000,0x00000000faa80000)
 ParOldGen       total 175104K, used 16K [0x00000000e0000000, 0x00000000eab00000, 0x00000000f5580000)
  object space 175104K, 0% used [0x00000000e0000000,0x00000000e0004000,0x00000000eab00000)
 Metaspace       used 7761K, capacity 7996K, committed 8320K, reserved 1056768K
  class space    used 948K, capacity 1047K, committed 1152K, reserved 1048576K
}
Event: 2.237 GC heap before
{Heap before GC invocations=2 (full 0):
 PSYoungGen      total 76288K, used 71384K [0x00000000f5580000, 0x00000000faa80000, 0x0000000100000000)
  eden space 65536K, 100% used [0x00000000f5580000,0x00000000f9580000,0x00000000f9580000)
  from space 10752K, 54% used [0x00000000f9580000,0x00000000f9b36018,0x00000000fa000000)
  to   space 10752K, 0% used [0x00000000fa000000,0x00000000fa000000,0x00000000faa80000)
 ParOldGen       total 175104K, used 16K [0x00000000e0000000, 0x00000000eab00000, 0x00000000f5580000)
  object space 175104K, 0% used [0x00000000e0000000,0x00000000e0004000,0x00000000eab00000)
 Metaspace       used 14901K, capacity 15364K, committed 15488K, reserved 1062912K
  class space    used 1967K, capacity 2104K, committed 2176K, reserved 1048576K
Event: 2.244 GC heap after
Heap after GC invocations=2 (full 0):
 PSYoungGen      total 76288K, used 9229K [0x00000000f5580000, 0x00000000faa80000, 0x0000000100000000)
  eden space 65536K, 0% used [0x00000000f5580000,0x00000000f5580000,0x00000000f9580000)
  from space 10752K, 85% used [0x00000000fa000000,0x00000000fa903410,0x00000000faa80000)
  to   space 10752K, 0% used [0x00000000f9580000,0x00000000f9580000,0x00000000fa000000)
 ParOldGen       total 175104K, used 24K [0x00000000e0000000, 0x00000000eab00000, 0x00000000f5580000)
  object space 175104K, 0% used [0x00000000e0000000,0x00000000e0006000,0x00000000eab00000)
 Metaspace       used 14901K, capacity 15364K, committed 15488K, reserved 1062912K
  class space    used 1967K, capacity 2104K, committed 2176K, reserved 1048576K
}

Deoptimization events (10 events):
Event: 1.999 Thread 0x0000000019436000 Uncommon trap: reason=unstable_if action=reinterpret pc=0x0000000003583928 method=java.util.concurrent.ConcurrentHashMap.putVal(Ljava/lang/Object;Ljava/lang/Object;Z)Ljava/lang/Object; @ 206
Event: 2.014 Thread 0x0000000019436000 Uncommon trap: reason=unstable_if action=reinterpret pc=0x000000000348dc94 method=java.lang.String.substring(I)Ljava/lang/String; @ 35
Event: 2.043 Thread 0x0000000019443800 Uncommon trap: reason=bimorphic action=maybe_recompile pc=0x000000000342f974 method=java.util.HashMap.putVal(ILjava/lang/Object;Ljava/lang/Object;ZZ)Ljava/lang/Object; @ 253
Event: 2.043 Thread 0x0000000019443800 Uncommon trap: reason=bimorphic action=maybe_recompile pc=0x000000000342f974 method=java.util.HashMap.putVal(ILjava/lang/Object;Ljava/lang/Object;ZZ)Ljava/lang/Object; @ 253
Event: 2.043 Thread 0x0000000019443800 Uncommon trap: reason=bimorphic action=maybe_recompile pc=0x000000000342f974 method=java.util.HashMap.putVal(ILjava/lang/Object;Ljava/lang/Object;ZZ)Ljava/lang/Object; @ 253
Event: 2.190 Thread 0x0000000019443800 Uncommon trap: reason=class_check action=maybe_recompile pc=0x00000000034ab698 method=java.util.regex.Matcher.match(II)Z @ 86
Event: 2.200 Thread 0x0000000019443800 Uncommon trap: reason=class_check action=maybe_recompile pc=0x00000000034ab698 method=java.util.regex.Matcher.match(II)Z @ 86
Event: 2.200 Thread 0x0000000019443800 Uncommon trap: reason=class_check action=maybe_recompile pc=0x00000000034ab698 method=java.util.regex.Matcher.match(II)Z @ 86
Event: 2.200 Thread 0x0000000019443800 Uncommon trap: reason=class_check action=maybe_recompile pc=0x000000000332f64c method=java.util.regex.Matcher.match(II)Z @ 86
Event: 2.422 Thread 0x0000000019443800 Uncommon trap: reason=unstable_if action=reinterpret pc=0x000000000348fe1c method=java.io.File.getName()Ljava/lang/String; @ 16

Classes redefined (0 events):
No events

Internal exceptions (10 events):
Event: 2.009 Thread 0x0000000019436000 Exception <a 'java/lang/NoSuchMethodError': <clinit>> (0x00000000f761eec8) thrown at [C:\src\AOSP-openjdk-git\hotspot\src\share\vm\prims\jni.cpp, line 1615]
Event: 2.009 Thread 0x0000000019436000 Exception <a 'java/lang/NoSuchMethodError': <clinit>> (0x00000000f7627e80) thrown at [C:\src\AOSP-openjdk-git\hotspot\src\share\vm\prims\jni.cpp, line 1615]
Event: 2.011 Thread 0x0000000019436000 Exception <a 'java/lang/NoSuchMethodError': <clinit>> (0x00000000f763e1b0) thrown at [C:\src\AOSP-openjdk-git\hotspot\src\share\vm\prims\jni.cpp, line 1615]
Event: 2.019 Thread 0x0000000019436000 Exception <a 'java/lang/NoSuchMethodError': <clinit>> (0x00000000f76ad248) thrown at [C:\src\AOSP-openjdk-git\hotspot\src\share\vm\prims\jni.cpp, line 1615]
Event: 2.023 Thread 0x0000000019436000 Exception <a 'java/lang/NoSuchMethodError': <clinit>> (0x00000000f76d9d18) thrown at [C:\src\AOSP-openjdk-git\hotspot\src\share\vm\prims\jni.cpp, line 1615]
Event: 2.026 Thread 0x0000000019436000 Exception <a 'java/lang/NoSuchMethodError': <clinit>> (0x00000000f7708260) thrown at [C:\src\AOSP-openjdk-git\hotspot\src\share\vm\prims\jni.cpp, line 1615]
Event: 2.027 Thread 0x0000000019436000 Exception <a 'java/lang/NoSuchMethodError': <clinit>> (0x00000000f7713c50) thrown at [C:\src\AOSP-openjdk-git\hotspot\src\share\vm\prims\jni.cpp, line 1615]
Event: 2.447 Thread 0x0000000019443800 Exception <a 'java/lang/NoSuchMethodError': java.lang.Object.lambda$and$0(Ljava/util/function/Predicate;Ljava/lang/Object;)Z> (0x00000000f6e66fc0) thrown at [C:\src\AOSP-openjdk-git\hotspot\src\share\vm\interpreter\linkResolver.cpp, line 620]
Event: 2.451 Thread 0x0000000019443800 Exception <a 'java/lang/IncompatibleClassChangeError': Found class java.lang.Object, but interface was expected> (0x00000000f6e777b0) thrown at [C:\src\AOSP-openjdk-git\hotspot\src\share\vm\interpreter\linkResolver.cpp, line 653]
Event: 2.452 Thread 0x0000000019443800 Exception <a 'java/lang/NoSuchMethodError': java.lang.Object.lambda$or$2(Ljava/util/function/Predicate;Ljava/lang/Object;)Z> (0x00000000f6e7c6d0) thrown at [C:\src\AOSP-openjdk-git\hotspot\src\share\vm\interpreter\linkResolver.cpp, line 620]

Events (10 events):
Event: 2.469 loading class com/google/common/io/LineReader$1
Event: 2.469 loading class com/google/common/io/LineReader$1 done
Event: 2.470 loading class org/gradle/configuration/DefaultImportsReader$2
Event: 2.470 loading class org/gradle/configuration/DefaultImportsReader$2 done
Event: 2.470 Thread 0x0000000019443800 DEOPT PACKING pc=0x000000000335a40c sp=0x000000001ae3a3c0
Event: 2.470 Thread 0x0000000019443800 DEOPT UNPACKING pc=0x00000000031b75d0 sp=0x000000001ae3a238 mode 0
Event: 2.471 loading class com/google/common/base/Splitter
Event: 2.471 loading class com/google/common/base/Splitter done
Event: 2.471 loading class com/google/common/base/Splitter$Strategy
Event: 2.471 loading class com/google/common/base/Splitter$Strategy done


Dynamic libraries:
0x00007ff755cc0000 - 0x00007ff755cf1000 	C:\Program Files\Android\Android Studio\jre\bin\java.exe
0x00007ffc409b0000 - 0x00007ffc40ba6000 	C:\WINDOWS\SYSTEM32\ntdll.dll
0x00007ffc3fc30000 - 0x00007ffc3fced000 	C:\WINDOWS\System32\KERNEL32.DLL
0x00007ffc3e2c0000 - 0x00007ffc3e589000 	C:\WINDOWS\System32\KERNELBASE.dll
0x00007ffc3f7c0000 - 0x00007ffc3f86c000 	C:\WINDOWS\System32\ADVAPI32.dll
0x00007ffc3fb90000 - 0x00007ffc3fc2e000 	C:\WINDOWS\System32\msvcrt.dll
0x00007ffc3f010000 - 0x00007ffc3f0ac000 	C:\WINDOWS\System32\sechost.dll
0x00007ffc3f320000 - 0x00007ffc3f44b000 	C:\WINDOWS\System32\RPCRT4.dll
0x00007ffc404a0000 - 0x00007ffc40640000 	C:\WINDOWS\System32\USER32.dll
0x00007ffc3e1e0000 - 0x00007ffc3e202000 	C:\WINDOWS\System32\win32u.dll
0x00007ffc40470000 - 0x00007ffc4049a000 	C:\WINDOWS\System32\GDI32.dll
0x00007ffc3e620000 - 0x00007ffc3e72b000 	C:\WINDOWS\System32\gdi32full.dll
0x00007ffc3e140000 - 0x00007ffc3e1dd000 	C:\WINDOWS\System32\msvcp_win.dll
0x00007ffc3e730000 - 0x00007ffc3e830000 	C:\WINDOWS\System32\ucrtbase.dll
0x00007ffc36b20000 - 0x00007ffc36dbb000 	C:\WINDOWS\WinSxS\amd64_microsoft.windows.common-controls_6595b64144ccf1df_6.0.19041.746_none_ca02b4b61b8320a4\COMCTL32.dll
0x00007ffc3fcf0000 - 0x00007ffc3fd20000 	C:\WINDOWS\System32\IMM32.DLL
0x0000000055900000 - 0x00000000559d2000 	C:\Program Files\Android\Android Studio\jre\jre\bin\msvcr100.dll
0x00000000559e0000 - 0x000000005622b000 	C:\Program Files\Android\Android Studio\jre\jre\bin\server\jvm.dll
0x00007ffc407d0000 - 0x00007ffc407d8000 	C:\WINDOWS\System32\PSAPI.DLL
0x00007ffc23050000 - 0x00007ffc23059000 	C:\WINDOWS\SYSTEM32\WSOCK32.dll
0x00007ffc35f20000 - 0x00007ffc35f47000 	C:\WINDOWS\SYSTEM32\WINMM.dll
0x00007ffc39840000 - 0x00007ffc3984a000 	C:\WINDOWS\SYSTEM32\VERSION.dll
0x00007ffc40900000 - 0x00007ffc4096b000 	C:\WINDOWS\System32\WS2_32.dll
0x00007ffc37840000 - 0x00007ffc3784f000 	C:\Program Files\Android\Android Studio\jre\jre\bin\verify.dll
0x00007ffc28e30000 - 0x00007ffc28e59000 	C:\Program Files\Android\Android Studio\jre\jre\bin\java.dll
0x00007ffc355d0000 - 0x00007ffc355e6000 	C:\Program Files\Android\Android Studio\jre\jre\bin\zip.dll
0x00007ffc3fd20000 - 0x00007ffc40462000 	C:\WINDOWS\System32\SHELL32.dll
0x00007ffc3c260000 - 0x00007ffc3c9f0000 	C:\WINDOWS\SYSTEM32\windows.storage.dll
0x00007ffc3f450000 - 0x00007ffc3f7a6000 	C:\WINDOWS\System32\combase.dll
0x00007ffc3db50000 - 0x00007ffc3db7c000 	C:\WINDOWS\SYSTEM32\Wldp.dll
0x00007ffc3ea10000 - 0x00007ffc3eabe000 	C:\WINDOWS\System32\SHCORE.dll
0x00007ffc40640000 - 0x00007ffc40695000 	C:\WINDOWS\System32\shlwapi.dll
0x00007ffc3e020000 - 0x00007ffc3e046000 	C:\WINDOWS\SYSTEM32\profapi.dll
0x00007ffc2e790000 - 0x00007ffc2e7aa000 	C:\Program Files\Android\Android Studio\jre\jre\bin\net.dll
0x00007ffc3d8d0000 - 0x00007ffc3d93a000 	C:\WINDOWS\system32\mswsock.dll
0x00007ffc2e680000 - 0x00007ffc2e693000 	C:\Program Files\Android\Android Studio\jre\jre\bin\nio.dll
0x00007ffc0e3b0000 - 0x00007ffc0e3da000 	C:\Users\rafa\.gradle\native\36\windows-amd64\native-platform.dll
0x00007ffc2d970000 - 0x00007ffc2d97d000 	C:\Program Files\Android\Android Studio\jre\jre\bin\management.dll
0x00007ffc3dab0000 - 0x00007ffc3dac8000 	C:\WINDOWS\SYSTEM32\CRYPTSP.dll
0x00007ffc3d1a0000 - 0x00007ffc3d1d4000 	C:\WINDOWS\system32\rsaenh.dll
0x00007ffc3e590000 - 0x00007ffc3e5b7000 	C:\WINDOWS\System32\bcrypt.dll
0x00007ffc3dfe0000 - 0x00007ffc3e00e000 	C:\WINDOWS\SYSTEM32\USERENV.dll
0x00007ffc3e990000 - 0x00007ffc3ea10000 	C:\WINDOWS\System32\bcryptprimitives.dll
0x00007ffc3daa0000 - 0x00007ffc3daac000 	C:\WINDOWS\SYSTEM32\CRYPTBASE.dll
0x00007ffc3d550000 - 0x00007ffc3d58b000 	C:\WINDOWS\SYSTEM32\IPHLPAPI.DLL
0x00007ffc3fb20000 - 0x00007ffc3fb28000 	C:\WINDOWS\System32\NSI.dll
0x00007ffc39170000 - 0x00007ffc39187000 	C:\WINDOWS\SYSTEM32\dhcpcsvc6.DLL
0x00007ffc39740000 - 0x00007ffc3975d000 	C:\WINDOWS\SYSTEM32\dhcpcsvc.DLL
0x00007ffc3d590000 - 0x00007ffc3d65b000 	C:\WINDOWS\SYSTEM32\DNSAPI.dll

VM Arguments:
jvm_args: -XX:MaxMetaspaceSize=256m -XX:+HeapDumpOnOutOfMemoryError -Xms256m -Xmx512m -Dfile.encoding=windows-1252 -Duser.country=ES -Duser.language=es -Duser.variant 
java_command: org.gradle.launcher.daemon.bootstrap.GradleDaemon 6.2
java_class_path (initial): C:\Users\rafa\.gradle\wrapper\dists\gradle-6.2-all\dvufqs6kielxeao781pmk5huj\gradle-6.2\lib\gradle-launcher-6.2.jar
Launcher Type: SUN_STANDARD

Environment Variables:
JAVA_HOME=C:\Program Files\Java\jdk1.8.0_211
CLASSPATH=.;
PATH=C:\Python27\;C:\Python27\Scripts;C:\Program Files (x86)\Common Files\Oracle\Java\javapath;C:\ProgramData\Oracle\Java\javapath;c:\Program Files (x86)\Intel\iCLS Client\;c:\Program Files\Intel\iCLS Client\;C:\windows\system32;C:\windows;C:\windows\System32\Wbem;C:\windows\System32\WindowsPowerShell\v1.0\;C:\Program Files\Intel\Intel(R) Management Engine Components\DAL;C:\Program Files\Intel\Intel(R) Management Engine Components\IPT;C:\Program Files (x86)\Intel\Intel(R) Management Engine Components\DAL;C:\Program Files (x86)\Intel\Intel(R) Management Engine Components\IPT;C:\Program Files\Hewlett-Packard\SimplePass\;C:\Program Files (x86)\NVIDIA Corporation\PhysX\Common;C:\WINDOWS\system32;C:\WINDOWS;C:\WINDOWS\System32\Wbem;C:\WINDOWS\System32\WindowsPowerShell\v1.0\;C:\WINDOWS\System32\OpenSSH\;C:\Program Files (x86)\AOMEI Backupper;C:\Program Files\Java\jdk1.8.0_211\bin;C:\Program Files\NVIDIA Corporation\NVIDIA NvDLISR;C:\Users\rafa\AppData\Roaming\nvm;C:\Program Files\nodejs;C:\Program Files\Java\jdk1.8.0_211\bin;C:\Users\rafa\AppData\Local\Android\Sdk\emulator;C:\Users\rafa\AppData\Local\Android\Sdk\tools;C:\Users\rafa\AppData\Local\Android\Sdk\tools\bin;C:\Users\rafa\AppData\Local\Android\Sdk\platform-tools;C:\WINDOWS\system32;C:\WINDOWS;C:\WINDOWS\System32\Wbem;C:\WINDOWS\System32\WindowsPowerShell\v1.0\;C:\WINDOWS\System32\OpenSSH\;C:\Program Files\dotnet\;C:\Program Files\Microsoft SQL Server\130\Tools\Binn\;C:\Program Files\Microsoft SQL Server\Client SDK\ODBC\170\Tools\Binn\;C:\ProgramData\chocolatey\bin;C:\Program Files\nodejs\;C:\Program Files (x86)\Yarn\bin\;C:\Program Files (x86)\dotnet\;C:\Users\rafa\AppData\Local\Microsoft\WindowsApps;C:\Users\rafa\AppData\Local\Programs\Microsoft VS Code\bin;C:\xampp\php;C:\Users\rafa\AppData\Roaming\nvm;C:\Program Files\nodejs;C:\Users\rafa\AppData\Local\GitHubDesktop\bin;C:\Users\rafa\.dotnet\tools;C:\Users\rafa\AppData\Roaming\npm;C:\Users\rafa\AppData\Local\Yarn\bin
USERNAME=rafa
OS=Windows_NT
PROCESSOR_IDENTIFIER=Intel64 Family 6 Model 60 Stepping 3, GenuineIntel



---------------  S Y S T E M  ---------------

OS: Windows 10.0 , 64 bit Build 19041 (10.0.19041.804)

CPU:total 8 (initial active 8) (4 cores per cpu, 2 threads per core) family 6 model 60 stepping 3, cmov, cx8, fxsr, mmx, sse, sse2, sse3, ssse3, sse4.1, sse4.2, popcnt, avx, avx2, aes, clmul, erms, lzcnt, ht, tsc, tscinvbit, bmi1, bmi2

Memory: 4k page, physical 16714848k(2943032k free), swap 20909152k(5140k free)

vm_info: OpenJDK 64-Bit Server VM (25.242-b01) for windows-amd64 JRE (1.8.0_242-release-1644-b01), built by "builder" with MS VC++ 10.0 (VS2010)

time: Sun Feb 14 12:05:06 2021
timezone: Hora estándar romance
elapsed time: 2 seconds (0d 0h 0m 2s)

