#
# There is insufficient memory for the Java Runtime Environment to continue.
# Native memory allocation (malloc) failed to allocate 32744 bytes for ChunkPool::allocate
# Possible reasons:
#   The system is out of physical RAM or swap space
#   The process is running with CompressedOops enabled, and the Java Heap may be blocking the growth of the native heap
# Possible solutions:
#   Reduce memory load on the system
#   Increase physical memory or swap space
#   Check if swap backing store is full
#   Decrease Java heap size (-Xmx/-Xms)
#   Decrease number of Java threads
#   Decrease Java thread stack sizes (-Xss)
#   Set larger code cache with -XX:ReservedCodeCacheSize=
#   JVM is running with Unscaled Compressed Oops mode in which the Java heap is
#     placed in the first 4GB address space. The Java Heap base address is the
#     maximum limit for the native heap growth. Please use -XX:HeapBaseMinAddress
#     to set the Java Heap base and to place the Java Heap above 4GB virtual address.
# This output file may be truncated or incomplete.
#
#  Out of Memory Error (allocation.cpp:272), pid=13216, tid=0x0000000000002da0
#
# JRE version: OpenJDK Runtime Environment (8.0_242-b01) (build 1.8.0_242-release-1644-b01)
# Java VM: OpenJDK 64-Bit Server VM (25.242-b01 mixed mode windows-amd64 compressed oops)
# Failed to write core dump. Minidumps are not enabled by default on client versions of Windows
#

---------------  T H R E A D  ---------------

Current thread (0x0000000016999000):  JavaThread "C2 CompilerThread1" daemon [_thread_in_native, id=11680, stack(0x0000000017380000,0x0000000017480000)]

Stack: [0x0000000017380000,0x0000000017480000]
[error occurred during error reporting (printing stack bounds), id 0xc0000005]

Native frames: (J=compiled Java code, j=interpreted, Vv=VM code, C=native code)


Current CompileTask:
C2:  52055 12680       4       sun.reflect.generics.parser.SignatureParser::parseClassTypeSignature (118 bytes)


---------------  P R O C E S S  ---------------

Java Threads: ( => current thread )
  0x000000001ba17000 JavaThread "Cache worker for execution history cache (B:\2 DAM\proyecto\ToPlan\ToPlan\android\.gradle\6.2\executionHistory)" [_thread_blocked, id=6944, stack(0x00000000254f0000,0x00000000255f0000)]
  0x0000000017b53800 JavaThread "Memory manager" [_thread_blocked, id=11140, stack(0x00000000235c0000,0x00000000236c0000)]
  0x0000000017b62000 JavaThread "Build operations Thread 8" [_thread_blocked, id=21792, stack(0x0000000022ec0000,0x0000000022fc0000)]
  0x0000000017b5f000 JavaThread "Build operations Thread 7" [_thread_blocked, id=19620, stack(0x0000000022dc0000,0x0000000022ec0000)]
  0x0000000017b5f800 JavaThread "Build operations Thread 6" [_thread_blocked, id=12436, stack(0x0000000022cc0000,0x0000000022dc0000)]
  0x0000000017b59800 JavaThread "Build operations Thread 5" [_thread_blocked, id=19688, stack(0x0000000022bc0000,0x0000000022cc0000)]
  0x0000000017b5c800 JavaThread "Build operations Thread 4" [_thread_blocked, id=8020, stack(0x0000000022ac0000,0x0000000022bc0000)]
  0x0000000017b5c000 JavaThread "Build operations Thread 3" [_thread_in_native, id=3220, stack(0x00000000229c0000,0x0000000022ac0000)]
  0x0000000017b60800 JavaThread "Build operations Thread 2" [_thread_blocked, id=4568, stack(0x00000000228c0000,0x00000000229c0000)]
  0x0000000017b5b000 JavaThread "Build operations" [_thread_blocked, id=5740, stack(0x00000000227c0000,0x00000000228c0000)]
  0x0000000017b57800 JavaThread "Cache worker for Build Output Cleanup Cache (B:\2 DAM\proyecto\ToPlan\ToPlan\android\.gradle\buildOutputCleanup)" [_thread_blocked, id=5588, stack(0x000000001f680000,0x000000001f780000)]
  0x00000000169a7000 JavaThread "Cache worker for execution history cache (C:\Users\rafa\.gradle\caches\6.2\executionHistory)" [_thread_blocked, id=22944, stack(0x000000001f380000,0x000000001f480000)]
  0x00000000169a9000 JavaThread "Cache worker for cache directory md-rule (C:\Users\rafa\.gradle\caches\6.2\md-rule)" [_thread_blocked, id=12820, stack(0x000000001efe0000,0x000000001f0e0000)]
  0x00000000169ad000 JavaThread "Cache worker for cache directory md-supplier (C:\Users\rafa\.gradle\caches\6.2\md-supplier)" [_thread_blocked, id=9824, stack(0x000000001eee0000,0x000000001efe0000)]
  0x00000000169ac000 JavaThread "Cache worker for file hash cache (B:\2 DAM\proyecto\ToPlan\ToPlan\android\.gradle\6.2\fileHashes)" [_thread_blocked, id=2848, stack(0x000000001c8a0000,0x000000001c9a0000)]
  0x00000000169a7800 JavaThread "Cache worker for checksums cache (B:\2 DAM\proyecto\ToPlan\ToPlan\android\.gradle\checksums)" [_thread_blocked, id=15828, stack(0x000000001de10000,0x000000001df10000)]
  0x00000000169aa800 JavaThread "Cache worker for file hash cache (C:\Users\rafa\.gradle\caches\6.2\fileHashes)" [_thread_blocked, id=11424, stack(0x000000001b7d0000,0x000000001b8d0000)]
  0x00000000169a6000 JavaThread "File lock request listener" [_thread_in_native, id=8112, stack(0x000000001b6d0000,0x000000001b7d0000)]
  0x000000001964f000 JavaThread "Cache worker for journal cache (C:\Users\rafa\.gradle\caches\journal-1)" [_thread_blocked, id=16276, stack(0x000000001b5d0000,0x000000001b6d0000)]
  0x00000000194f4000 JavaThread "Thread-9" [_thread_blocked, id=5836, stack(0x000000001b2d0000,0x000000001b3d0000)]
  0x00000000194f3800 JavaThread "Stdin handler" [_thread_blocked, id=20732, stack(0x000000001b1d0000,0x000000001b2d0000)]
  0x00000000194cf000 JavaThread "Asynchronous log dispatcher for DefaultDaemonConnection: socket connection from /127.0.0.1:65040 to /127.0.0.1:65041" [_thread_blocked, id=19872, stack(0x000000001afd0000,0x000000001b0d0000)]
  0x00000000194cd800 JavaThread "Daemon worker" [_thread_in_native, id=21420, stack(0x000000001aed0000,0x000000001afd0000)]
  0x00000000194c8000 JavaThread "Cancel handler" [_thread_blocked, id=22256, stack(0x000000001add0000,0x000000001aed0000)]
  0x00000000186f0800 JavaThread "Handler for socket connection from /127.0.0.1:65040 to /127.0.0.1:65041" [_thread_in_native, id=14188, stack(0x000000001aad0000,0x000000001abd0000)]
  0x00000000194a9800 JavaThread "Daemon" [_thread_blocked, id=8280, stack(0x000000001a9d0000,0x000000001aad0000)]
  0x0000000019430800 JavaThread "Daemon periodic checks" [_thread_blocked, id=21628, stack(0x000000001a8d0000,0x000000001a9d0000)]
  0x000000001943d800 JavaThread "Incoming local TCP Connector on port 65040" [_thread_in_native, id=7788, stack(0x000000001a660000,0x000000001a760000)]
  0x0000000019371800 JavaThread "Daemon health stats" [_thread_blocked, id=4384, stack(0x000000001a020000,0x000000001a120000)]
  0x0000000016a3d800 JavaThread "Service Thread" daemon [_thread_blocked, id=15812, stack(0x0000000017680000,0x0000000017780000)]
  0x00000000169ab800 JavaThread "C1 CompilerThread3" daemon [_thread_in_native, id=8080, stack(0x0000000017580000,0x0000000017680000)]
  0x00000000169a8800 JavaThread "C2 CompilerThread2" daemon [_thread_in_native, id=9968, stack(0x0000000017480000,0x0000000017580000)]
=>0x0000000016999000 JavaThread "C2 CompilerThread1" daemon [_thread_in_native, id=11680, stack(0x0000000017380000,0x0000000017480000)]
  0x0000000016991000 JavaThread "C2 CompilerThread0" daemon [_thread_in_native, id=1672, stack(0x0000000017280000,0x0000000017380000)]
  0x000000001698f800 JavaThread "Attach Listener" daemon [_thread_blocked, id=11440, stack(0x0000000017180000,0x0000000017280000)]
  0x000000001698e000 JavaThread "Signal Dispatcher" daemon [_thread_blocked, id=18816, stack(0x0000000017080000,0x0000000017180000)]
  0x0000000016981000 JavaThread "Finalizer" daemon [_thread_blocked, id=18728, stack(0x0000000016e60000,0x0000000016f60000)]
  0x00000000032f7800 JavaThread "Reference Handler" daemon [_thread_blocked, id=9580, stack(0x0000000016d60000,0x0000000016e60000)]
  0x00000000030fe800 JavaThread "main" [_thread_blocked, id=15756, stack(0x0000000003100000,0x0000000003200000)]

Other Threads:
  0x0000000014b66800 VMThread [stack: 0x0000000016860000,0x0000000016960000] [id=2316]
  0x0000000016a3e000 WatcherThread [stack: 0x0000000017780000,0x0000000017880000] [id=7884]

VM state:not at safepoint (normal execution)

VM Mutex/Monitor currently owned by a thread: None

heap address: 0x00000000e0000000, size: 512 MB, Compressed Oops mode: 32-bit
Narrow klass base: 0x0000000000000000, Narrow klass shift: 3
Compressed class space size: 1073741824 Address: 0x0000000100000000

Heap:
 PSYoungGen      total 134656K, used 97855K [0x00000000f5580000, 0x0000000100000000, 0x0000000100000000)
  eden space 96768K, 76% used [0x00000000f5580000,0x00000000f9dc3c80,0x00000000fb400000)
  from space 37888K, 62% used [0x00000000fdb00000,0x00000000ff24c318,0x0000000100000000)
  to   space 38912K, 0% used [0x00000000fb400000,0x00000000fb400000,0x00000000fda00000)
 ParOldGen       total 207872K, used 64796K [0x00000000e0000000, 0x00000000ecb00000, 0x00000000f5580000)
  object space 207872K, 31% used [0x00000000e0000000,0x00000000e3f47090,0x00000000ecb00000)
 Metaspace       used 83018K, capacity 89160K, committed 89496K, reserved 1126400K
  class space    used 11282K, capacity 12609K, committed 12720K, reserved 1048576K

Card table byte_map: [0x00000000126c0000,0x00000000127d0000] byte_map_base: 0x0000000011fc0000

Marking Bits: (ParMarkBitMap*) 0x00000000561af030
 Begin Bits: [0x0000000013080000, 0x0000000013880000)
 End Bits:   [0x0000000013880000, 0x0000000014080000)

Polling page: 0x00000000018c0000

CodeCache: size=245760Kb used=37185Kb max_used=37185Kb free=208574Kb
 bounds [0x0000000003300000, 0x0000000005790000, 0x0000000012300000]
 total_blobs=11806 nmethods=10929 adapters=789
 compilation: enabled

Compilation events (10 events):
Event: 52.042 Thread 0x00000000169ab800 12882       3       org.gradle.internal.serialize.HashCodeSerializer::read (6 bytes)
Event: 52.042 Thread 0x00000000169ab800 nmethod 12882 0x000000000577c150 code [0x000000000577c2e0, 0x000000000577c6e8]
Event: 52.050 Thread 0x00000000169ab800 12883       3       java.io.BufferedReader::<init> (62 bytes)
Event: 52.051 Thread 0x00000000169ab800 nmethod 12883 0x000000000577c890 code [0x000000000577ca20, 0x000000000577cf38]
Event: 52.051 Thread 0x00000000169ab800 12884       3       org.gradle.api.internal.artifacts.transform.CacheableInvocation$3::invoke (13 bytes)
Event: 52.051 Thread 0x00000000169ab800 nmethod 12884 0x000000000577d150 code [0x000000000577d2c0, 0x000000000577d5c8]
Event: 52.051 Thread 0x00000000169ab800 12885       3       org.gradle.api.internal.artifacts.transform.CacheableInvocation$$Lambda$711/1298480574::get (12 bytes)
Event: 52.052 Thread 0x00000000169ab800 nmethod 12885 0x000000000577d690 code [0x000000000577d860, 0x000000000577e018]
Event: 52.052 Thread 0x00000000169ab800 12886       3       org.gradle.api.internal.artifacts.transform.CacheableInvocation$3::getCachedResult (4 bytes)
Event: 52.053 Thread 0x00000000169ab800 nmethod 12886 0x000000000577e410 code [0x000000000577e580, 0x000000000577e730]

GC Heap History (10 events):
Event: 45.556 GC heap before
{Heap before GC invocations=23 (full 3):
 PSYoungGen      total 138240K, used 137953K [0x00000000f5580000, 0x0000000100000000, 0x0000000100000000)
  eden space 120320K, 100% used [0x00000000f5580000,0x00000000fcb00000,0x00000000fcb00000)
  from space 17920K, 98% used [0x00000000fcb00000,0x00000000fdc385f0,0x00000000fdc80000)
  to   space 28160K, 0% used [0x00000000fe480000,0x00000000fe480000,0x0000000100000000)
 ParOldGen       total 207872K, used 48216K [0x00000000e0000000, 0x00000000ecb00000, 0x00000000f5580000)
  object space 207872K, 23% used [0x00000000e0000000,0x00000000e2f163f8,0x00000000ecb00000)
 Metaspace       used 74186K, capacity 78376K, committed 78744K, reserved 1116160K
  class space    used 10043K, capacity 11075K, committed 11184K, reserved 1048576K
Event: 45.565 GC heap after
Heap after GC invocations=23 (full 3):
 PSYoungGen      total 146432K, used 15565K [0x00000000f5580000, 0x0000000100000000, 0x0000000100000000)
  eden space 118272K, 0% used [0x00000000f5580000,0x00000000f5580000,0x00000000fc900000)
  from space 28160K, 55% used [0x00000000fe480000,0x00000000ff3b3500,0x0000000100000000)
  to   space 28160K, 0% used [0x00000000fc900000,0x00000000fc900000,0x00000000fe480000)
 ParOldGen       total 207872K, used 48224K [0x00000000e0000000, 0x00000000ecb00000, 0x00000000f5580000)
  object space 207872K, 23% used [0x00000000e0000000,0x00000000e2f183f8,0x00000000ecb00000)
 Metaspace       used 74186K, capacity 78376K, committed 78744K, reserved 1116160K
  class space    used 10043K, capacity 11075K, committed 11184K, reserved 1048576K
}
Event: 48.175 GC heap before
{Heap before GC invocations=24 (full 3):
 PSYoungGen      total 146432K, used 133837K [0x00000000f5580000, 0x0000000100000000, 0x0000000100000000)
  eden space 118272K, 100% used [0x00000000f5580000,0x00000000fc900000,0x00000000fc900000)
  from space 28160K, 55% used [0x00000000fe480000,0x00000000ff3b3500,0x0000000100000000)
  to   space 28160K, 0% used [0x00000000fc900000,0x00000000fc900000,0x00000000fe480000)
 ParOldGen       total 207872K, used 48224K [0x00000000e0000000, 0x00000000ecb00000, 0x00000000f5580000)
  object space 207872K, 23% used [0x00000000e0000000,0x00000000e2f183f8,0x00000000ecb00000)
 Metaspace       used 78792K, capacity 83466K, committed 83480K, reserved 1120256K
  class space    used 10733K, capacity 11819K, committed 11824K, reserved 1048576K
Event: 48.190 GC heap after
Heap after GC invocations=24 (full 3):
 PSYoungGen      total 145408K, used 26649K [0x00000000f5580000, 0x0000000100000000, 0x0000000100000000)
  eden space 118272K, 0% used [0x00000000f5580000,0x00000000f5580000,0x00000000fc900000)
  from space 27136K, 98% used [0x00000000fc900000,0x00000000fe306590,0x00000000fe380000)
  to   space 29184K, 0% used [0x00000000fe380000,0x00000000fe380000,0x0000000100000000)
 ParOldGen       total 207872K, used 48232K [0x00000000e0000000, 0x00000000ecb00000, 0x00000000f5580000)
  object space 207872K, 23% used [0x00000000e0000000,0x00000000e2f1a3f8,0x00000000ecb00000)
 Metaspace       used 78792K, capacity 83466K, committed 83480K, reserved 1120256K
  class space    used 10733K, capacity 11819K, committed 11824K, reserved 1048576K
}
Event: 50.039 GC heap before
{Heap before GC invocations=25 (full 3):
 PSYoungGen      total 145408K, used 144921K [0x00000000f5580000, 0x0000000100000000, 0x0000000100000000)
  eden space 118272K, 100% used [0x00000000f5580000,0x00000000fc900000,0x00000000fc900000)
  from space 27136K, 98% used [0x00000000fc900000,0x00000000fe306590,0x00000000fe380000)
  to   space 29184K, 0% used [0x00000000fe380000,0x00000000fe380000,0x0000000100000000)
 ParOldGen       total 207872K, used 48232K [0x00000000e0000000, 0x00000000ecb00000, 0x00000000f5580000)
  object space 207872K, 23% used [0x00000000e0000000,0x00000000e2f1a3f8,0x00000000ecb00000)
 Metaspace       used 82000K, capacity 88148K, committed 88344K, reserved 1124352K
  class space    used 11218K, capacity 12539K, committed 12592K, reserved 1048576K
Event: 50.062 GC heap after
Heap after GC invocations=25 (full 3):
 PSYoungGen      total 129024K, used 29163K [0x00000000f5580000, 0x0000000100000000, 0x0000000100000000)
  eden space 99840K, 0% used [0x00000000f5580000,0x00000000f5580000,0x00000000fb700000)
  from space 29184K, 99% used [0x00000000fe380000,0x00000000ffffae78,0x0000000100000000)
  to   space 37376K, 0% used [0x00000000fb700000,0x00000000fb700000,0x00000000fdb80000)
 ParOldGen       total 207872K, used 51494K [0x00000000e0000000, 0x00000000ecb00000, 0x00000000f5580000)
  object space 207872K, 24% used [0x00000000e0000000,0x00000000e3249bc0,0x00000000ecb00000)
 Metaspace       used 82000K, capacity 88148K, committed 88344K, reserved 1124352K
  class space    used 11218K, capacity 12539K, committed 12592K, reserved 1048576K
}
Event: 50.874 GC heap before
{Heap before GC invocations=26 (full 3):
 PSYoungGen      total 129024K, used 129003K [0x00000000f5580000, 0x0000000100000000, 0x0000000100000000)
  eden space 99840K, 100% used [0x00000000f5580000,0x00000000fb700000,0x00000000fb700000)
  from space 29184K, 99% used [0x00000000fe380000,0x00000000ffffae78,0x0000000100000000)
  to   space 37376K, 0% used [0x00000000fb700000,0x00000000fb700000,0x00000000fdb80000)
 ParOldGen       total 207872K, used 51494K [0x00000000e0000000, 0x00000000ecb00000, 0x00000000f5580000)
  object space 207872K, 24% used [0x00000000e0000000,0x00000000e3249bc0,0x00000000ecb00000)
 Metaspace       used 82594K, capacity 88692K, committed 88856K, reserved 1126400K
  class space    used 11248K, capacity 12571K, committed 12592K, reserved 1048576K
Event: 50.901 GC heap after
Heap after GC invocations=26 (full 3):
 PSYoungGen      total 123392K, used 23449K [0x00000000f5580000, 0x0000000100000000, 0x0000000100000000)
  eden space 99840K, 0% used [0x00000000f5580000,0x00000000f5580000,0x00000000fb700000)
  from space 23552K, 99% used [0x00000000fb700000,0x00000000fcde6578,0x00000000fce00000)
  to   space 37888K, 0% used [0x00000000fdb00000,0x00000000fdb00000,0x0000000100000000)
 ParOldGen       total 207872K, used 64788K [0x00000000e0000000, 0x00000000ecb00000, 0x00000000f5580000)
  object space 207872K, 31% used [0x00000000e0000000,0x00000000e3f45090,0x00000000ecb00000)
 Metaspace       used 82594K, capacity 88692K, committed 88856K, reserved 1126400K
  class space    used 11248K, capacity 12571K, committed 12592K, reserved 1048576K
}
Event: 51.356 GC heap before
{Heap before GC invocations=27 (full 3):
 PSYoungGen      total 123392K, used 123289K [0x00000000f5580000, 0x0000000100000000, 0x0000000100000000)
  eden space 99840K, 100% used [0x00000000f5580000,0x00000000fb700000,0x00000000fb700000)
  from space 23552K, 99% used [0x00000000fb700000,0x00000000fcde6578,0x00000000fce00000)
  to   space 37888K, 0% used [0x00000000fdb00000,0x00000000fdb00000,0x0000000100000000)
 ParOldGen       total 207872K, used 64788K [0x00000000e0000000, 0x00000000ecb00000, 0x00000000f5580000)
  object space 207872K, 31% used [0x00000000e0000000,0x00000000e3f45090,0x00000000ecb00000)
 Metaspace       used 82611K, capacity 88692K, committed 88856K, reserved 1126400K
  class space    used 11249K, capacity 12571K, committed 12592K, reserved 1048576K
Event: 51.372 GC heap after
Heap after GC invocations=27 (full 3):
 PSYoungGen      total 134656K, used 23856K [0x00000000f5580000, 0x0000000100000000, 0x0000000100000000)
  eden space 96768K, 0% used [0x00000000f5580000,0x00000000f5580000,0x00000000fb400000)
  from space 37888K, 62% used [0x00000000fdb00000,0x00000000ff24c318,0x0000000100000000)
  to   space 38912K, 0% used [0x00000000fb400000,0x00000000fb400000,0x00000000fda00000)
 ParOldGen       total 207872K, used 64796K [0x00000000e0000000, 0x00000000ecb00000, 0x00000000f5580000)
  object space 207872K, 31% used [0x00000000e0000000,0x00000000e3f47090,0x00000000ecb00000)
 Metaspace       used 82611K, capacity 88692K, committed 88856K, reserved 1126400K
  class space    used 11249K, capacity 12571K, committed 12592K, reserved 1048576K
}

Deoptimization events (10 events):
Event: 51.631 Thread 0x00000000194cd800 Uncommon trap: reason=class_check action=maybe_recompile pc=0x000000000456edd8 method=sun.nio.ch.IOUtil.write(Ljava/io/FileDescriptor;Ljava/nio/ByteBuffer;JLsun/nio/ch/NativeDispatcher;)I @ 1
Event: 51.631 Thread 0x00000000194cd800 Uncommon trap: reason=class_check action=maybe_recompile pc=0x00000000037b2220 method=sun.nio.ch.IOUtil.writeFromNativeBuffer(Ljava/io/FileDescriptor;Ljava/nio/ByteBuffer;JLsun/nio/ch/NativeDispatcher;)I @ 114
Event: 51.832 Thread 0x00000000194cd800 Uncommon trap: reason=unstable_if action=reinterpret pc=0x0000000003a5c64c method=org.gradle.internal.snapshot.VfsRelativePath.hasPrefix(Ljava/lang/String;Lorg/gradle/internal/snapshot/CaseSensitivity;)Z @ 6
Event: 51.832 Thread 0x00000000194cd800 Uncommon trap: reason=unstable_if action=reinterpret pc=0x000000000542ffe0 method=org.gradle.internal.snapshot.VfsRelativePath.fromChild(Ljava/lang/String;)Lorg/gradle/internal/snapshot/VfsRelativePath; @ 4
Event: 51.867 Thread 0x0000000017b5c800 Uncommon trap: reason=class_check action=maybe_recompile pc=0x000000000456edd8 method=sun.nio.ch.IOUtil.write(Ljava/io/FileDescriptor;Ljava/nio/ByteBuffer;JLsun/nio/ch/NativeDispatcher;)I @ 1
Event: 51.867 Thread 0x0000000017b5c800 Uncommon trap: reason=class_check action=maybe_recompile pc=0x00000000037b2220 method=sun.nio.ch.IOUtil.writeFromNativeBuffer(Ljava/io/FileDescriptor;Ljava/nio/ByteBuffer;JLsun/nio/ch/NativeDispatcher;)I @ 114
Event: 51.870 Thread 0x0000000017b5c000 Uncommon trap: reason=class_check action=maybe_recompile pc=0x000000000456edd8 method=sun.nio.ch.IOUtil.write(Ljava/io/FileDescriptor;Ljava/nio/ByteBuffer;JLsun/nio/ch/NativeDispatcher;)I @ 1
Event: 51.870 Thread 0x0000000017b5c000 Uncommon trap: reason=class_check action=maybe_recompile pc=0x00000000037b2220 method=sun.nio.ch.IOUtil.writeFromNativeBuffer(Ljava/io/FileDescriptor;Ljava/nio/ByteBuffer;JLsun/nio/ch/NativeDispatcher;)I @ 114
Event: 51.874 Thread 0x0000000017b5b000 Uncommon trap: reason=class_check action=maybe_recompile pc=0x000000000456edd8 method=sun.nio.ch.IOUtil.write(Ljava/io/FileDescriptor;Ljava/nio/ByteBuffer;JLsun/nio/ch/NativeDispatcher;)I @ 1
Event: 51.874 Thread 0x0000000017b5b000 Uncommon trap: reason=class_check action=maybe_recompile pc=0x00000000037b2220 method=sun.nio.ch.IOUtil.writeFromNativeBuffer(Ljava/io/FileDescriptor;Ljava/nio/ByteBuffer;JLsun/nio/ch/NativeDispatcher;)I @ 114

Classes redefined (0 events):
No events

Internal exceptions (10 events):
Event: 48.515 Thread 0x0000000017b60800 Exception <a 'java/lang/NoSuchMethodError': java.lang.Object.lambda$flatMap$1(Ljava/util/function/Function;Lorg/gradle/internal/Try;)Lorg/gradle/api/internal/artifacts/transform/CacheableInvocation;> (0x00000000f707d380) thrown at [C:\src\AOSP-openjdk-git
Event: 48.515 Thread 0x0000000017b59800 Exception <a 'java/lang/NoSuchMethodError': java.lang.Object.lambda$flatMap$4(Ljava/util/function/Function;)Lorg/gradle/api/internal/artifacts/transform/CacheableInvocation;> (0x00000000f6f72e40) thrown at [C:\src\AOSP-openjdk-git\hotspot\src\share\vm\int
Event: 48.516 Thread 0x0000000017b59800 Exception <a 'java/lang/NoSuchMethodError': java.lang.Object.lambda$flatMap$3(Ljava/util/function/Function;)Lorg/gradle/internal/Try;> (0x00000000f6f77d00) thrown at [C:\src\AOSP-openjdk-git\hotspot\src\share\vm\interpreter\linkResolver.cpp, line 620]
Event: 48.699 Thread 0x0000000017b5b000 Exception <a 'java/lang/NoSuchMethodError': java.lang.Object.lambda$flatMap$2(Ljava/util/function/Function;Ljava/lang/Object;)Lorg/gradle/internal/Try;> (0x00000000f7c83418) thrown at [C:\src\AOSP-openjdk-git\hotspot\src\share\vm\interpreter\linkResolver.
Event: 48.699 Thread 0x00000000194cd800 Exception <a 'java/lang/NoSuchMethodError': java.lang.Object.lambda$flatMap$2(Ljava/util/function/Function;Ljava/lang/Object;)Lorg/gradle/internal/Try;> (0x00000000f6eaec78) thrown at [C:\src\AOSP-openjdk-git\hotspot\src\share\vm\interpreter\linkResolver.
Event: 48.700 Thread 0x0000000017b60800 Exception <a 'java/lang/NoSuchMethodError': java.lang.Object.lambda$flatMap$2(Ljava/util/function/Function;Ljava/lang/Object;)Lorg/gradle/internal/Try;> (0x00000000f7d35a10) thrown at [C:\src\AOSP-openjdk-git\hotspot\src\share\vm\interpreter\linkResolver.
Event: 49.481 Thread 0x00000000194cd800 Exception <a 'java/lang/NoSuchMethodError': java.lang.Object.lambda$flatMap$0(Ljava/lang/Throwable;)Lorg/gradle/api/internal/artifacts/transform/CacheableInvocation;> (0x00000000fa6ebbf0) thrown at [C:\src\AOSP-openjdk-git\hotspot\src\share\vm\interpreter
Event: 49.866 Thread 0x00000000194cd800 Exception <a 'java/lang/NoSuchMethodError': java.lang.Object.lambda$negate$1(Ljava/lang/Object;)Z> (0x00000000fc204220) thrown at [C:\src\AOSP-openjdk-git\hotspot\src\share\vm\interpreter\linkResolver.cpp, line 620]
Event: 51.668 Thread 0x00000000194cd800 Exception <a 'java/lang/reflect/InvocationTargetException'> (0x00000000f84ad9d8) thrown at [C:\src\AOSP-openjdk-git\hotspot\src\share\vm\runtime\reflection.cpp, line 1092]
Event: 51.671 Thread 0x00000000194cd800 Exception <a 'java/lang/NoSuchMethodError': java.lang.Object.lambda$of$a04ddf17$1(Ljava/lang/Object;)Ljava/lang/Object;> (0x00000000f84c9810) thrown at [C:\src\AOSP-openjdk-git\hotspot\src\share\vm\interpreter\linkResolver.cpp, line 620]

Events (10 events):
Event: 51.870 Thread 0x0000000017b5c000 DEOPT UNPACKING pc=0x000000000334557b sp=0x0000000022abbf30 mode 2
Event: 51.870 Thread 0x0000000017b5c000 Uncommon trap: trap_request=0xffffffde fr.pc=0x00000000037b2220
Event: 51.870 Thread 0x0000000017b5c000 DEOPT PACKING pc=0x00000000037b2220 sp=0x0000000022abbee0
Event: 51.870 Thread 0x0000000017b5c000 DEOPT UNPACKING pc=0x000000000334557b sp=0x0000000022abbe68 mode 2
Event: 51.874 Thread 0x0000000017b5b000 Uncommon trap: trap_request=0xffffffde fr.pc=0x000000000456edd8
Event: 51.874 Thread 0x0000000017b5b000 DEOPT PACKING pc=0x000000000456edd8 sp=0x00000000228bb790
Event: 51.874 Thread 0x0000000017b5b000 DEOPT UNPACKING pc=0x000000000334557b sp=0x00000000228bb720 mode 2
Event: 51.874 Thread 0x0000000017b5b000 Uncommon trap: trap_request=0xffffffde fr.pc=0x00000000037b2220
Event: 51.874 Thread 0x0000000017b5b000 DEOPT PACKING pc=0x00000000037b2220 sp=0x00000000228bb6d0
Event: 51.874 Thread 0x0000000017b5b000 DEOPT UNPACKING pc=0x000000000334557b sp=0x00000000228bb658 mode 2


Dynamic libraries:
0x00007ff755cc0000 - 0x00007ff755cf1000 	C:\Program Files\Android\Android Studio\jre\bin\java.exe
0x00007ffc409b0000 - 0x00007ffc40ba6000 	C:\WINDOWS\SYSTEM32\ntdll.dll
0x00007ffc3fc30000 - 0x00007ffc3fced000 	C:\WINDOWS\System32\KERNEL32.DLL
0x00007ffc3e2c0000 - 0x00007ffc3e589000 	C:\WINDOWS\System32\KERNELBASE.dll
0x00007ffc3f7c0000 - 0x00007ffc3f86c000 	C:\WINDOWS\System32\ADVAPI32.dll
0x00007ffc3fb90000 - 0x00007ffc3fc2e000 	C:\WINDOWS\System32\msvcrt.dll
0x00007ffc3f010000 - 0x00007ffc3f0ac000 	C:\WINDOWS\System32\sechost.dll
0x00007ffc3f320000 - 0x00007ffc3f44b000 	C:\WINDOWS\System32\RPCRT4.dll
0x00007ffc404a0000 - 0x00007ffc40640000 	C:\WINDOWS\System32\USER32.dll
0x00007ffc3e1e0000 - 0x00007ffc3e202000 	C:\WINDOWS\System32\win32u.dll
0x00007ffc40470000 - 0x00007ffc4049a000 	C:\WINDOWS\System32\GDI32.dll
0x00007ffc3e620000 - 0x00007ffc3e72b000 	C:\WINDOWS\System32\gdi32full.dll
0x00007ffc3e140000 - 0x00007ffc3e1dd000 	C:\WINDOWS\System32\msvcp_win.dll
0x00007ffc3e730000 - 0x00007ffc3e830000 	C:\WINDOWS\System32\ucrtbase.dll
0x00007ffc36b20000 - 0x00007ffc36dbb000 	C:\WINDOWS\WinSxS\amd64_microsoft.windows.common-controls_6595b64144ccf1df_6.0.19041.746_none_ca02b4b61b8320a4\COMCTL32.dll
0x00007ffc3fcf0000 - 0x00007ffc3fd20000 	C:\WINDOWS\System32\IMM32.DLL
0x0000000055900000 - 0x00000000559d2000 	C:\Program Files\Android\Android Studio\jre\jre\bin\msvcr100.dll
0x00000000559e0000 - 0x000000005622b000 	C:\Program Files\Android\Android Studio\jre\jre\bin\server\jvm.dll
0x00007ffc407d0000 - 0x00007ffc407d8000 	C:\WINDOWS\System32\PSAPI.DLL
0x00007ffc35f20000 - 0x00007ffc35f47000 	C:\WINDOWS\SYSTEM32\WINMM.dll
0x00007ffc39840000 - 0x00007ffc3984a000 	C:\WINDOWS\SYSTEM32\VERSION.dll
0x00007ffc23050000 - 0x00007ffc23059000 	C:\WINDOWS\SYSTEM32\WSOCK32.dll
0x00007ffc40900000 - 0x00007ffc4096b000 	C:\WINDOWS\System32\WS2_32.dll
0x00007ffc37840000 - 0x00007ffc3784f000 	C:\Program Files\Android\Android Studio\jre\jre\bin\verify.dll
0x00007ffc28e30000 - 0x00007ffc28e59000 	C:\Program Files\Android\Android Studio\jre\jre\bin\java.dll
0x00007ffc355d0000 - 0x00007ffc355e6000 	C:\Program Files\Android\Android Studio\jre\jre\bin\zip.dll
0x00007ffc3fd20000 - 0x00007ffc40462000 	C:\WINDOWS\System32\SHELL32.dll
0x00007ffc3c260000 - 0x00007ffc3c9f0000 	C:\WINDOWS\SYSTEM32\windows.storage.dll
0x00007ffc3f450000 - 0x00007ffc3f7a6000 	C:\WINDOWS\System32\combase.dll
0x00007ffc3db50000 - 0x00007ffc3db7c000 	C:\WINDOWS\SYSTEM32\Wldp.dll
0x00007ffc3ea10000 - 0x00007ffc3eabe000 	C:\WINDOWS\System32\SHCORE.dll
0x00007ffc40640000 - 0x00007ffc40695000 	C:\WINDOWS\System32\shlwapi.dll
0x00007ffc3e020000 - 0x00007ffc3e046000 	C:\WINDOWS\SYSTEM32\profapi.dll
0x00007ffc2e790000 - 0x00007ffc2e7aa000 	C:\Program Files\Android\Android Studio\jre\jre\bin\net.dll
0x00007ffc3d8d0000 - 0x00007ffc3d93a000 	C:\WINDOWS\system32\mswsock.dll
0x00007ffc2e680000 - 0x00007ffc2e693000 	C:\Program Files\Android\Android Studio\jre\jre\bin\nio.dll
0x00007ffc0e3b0000 - 0x00007ffc0e3da000 	C:\Users\rafa\.gradle\native\36\windows-amd64\native-platform.dll
0x00007ffc2d970000 - 0x00007ffc2d97d000 	C:\Program Files\Android\Android Studio\jre\jre\bin\management.dll
0x00007ffc3dab0000 - 0x00007ffc3dac8000 	C:\WINDOWS\SYSTEM32\CRYPTSP.dll
0x00007ffc3d1a0000 - 0x00007ffc3d1d4000 	C:\WINDOWS\system32\rsaenh.dll
0x00007ffc3e590000 - 0x00007ffc3e5b7000 	C:\WINDOWS\System32\bcrypt.dll
0x00007ffc3dfe0000 - 0x00007ffc3e00e000 	C:\WINDOWS\SYSTEM32\USERENV.dll
0x00007ffc3e990000 - 0x00007ffc3ea10000 	C:\WINDOWS\System32\bcryptprimitives.dll
0x00007ffc3daa0000 - 0x00007ffc3daac000 	C:\WINDOWS\SYSTEM32\CRYPTBASE.dll
0x00007ffc3d550000 - 0x00007ffc3d58b000 	C:\WINDOWS\SYSTEM32\IPHLPAPI.DLL
0x00007ffc3fb20000 - 0x00007ffc3fb28000 	C:\WINDOWS\System32\NSI.dll
0x00007ffc39170000 - 0x00007ffc39187000 	C:\WINDOWS\SYSTEM32\dhcpcsvc6.DLL
0x00007ffc39740000 - 0x00007ffc3975d000 	C:\WINDOWS\SYSTEM32\dhcpcsvc.DLL
0x00007ffc3d590000 - 0x00007ffc3d65b000 	C:\WINDOWS\SYSTEM32\DNSAPI.dll
0x00007ffc203a0000 - 0x00007ffc203c4000 	C:\Program Files\Android\Android Studio\jre\jre\bin\sunec.dll
0x00007ffc2fce0000 - 0x00007ffc2fcea000 	C:\Windows\System32\rasadhlp.dll
0x00007ffc30220000 - 0x00007ffc3029f000 	C:\WINDOWS\System32\fwpuclnt.dll
0x00007ffc2d960000 - 0x00007ffc2d96b000 	C:\Program Files\Android\Android Studio\jre\jre\bin\sunmscapi.dll
0x00007ffc3e830000 - 0x00007ffc3e986000 	C:\WINDOWS\System32\CRYPT32.dll

VM Arguments:
jvm_args: -XX:MaxMetaspaceSize=256m -XX:+HeapDumpOnOutOfMemoryError -Xms256m -Xmx512m -Dfile.encoding=windows-1252 -Duser.country=ES -Duser.language=es -Duser.variant 
java_command: org.gradle.launcher.daemon.bootstrap.GradleDaemon 6.2
java_class_path (initial): C:\Users\rafa\.gradle\wrapper\dists\gradle-6.2-all\dvufqs6kielxeao781pmk5huj\gradle-6.2\lib\gradle-launcher-6.2.jar
Launcher Type: SUN_STANDARD

Environment Variables:
JAVA_HOME=C:\Program Files\Java\jdk1.8.0_211
CLASSPATH=.;
PATH=C:\Python27\;C:\Python27\Scripts;C:\Program Files (x86)\Common Files\Oracle\Java\javapath;C:\ProgramData\Oracle\Java\javapath;c:\Program Files (x86)\Intel\iCLS Client\;c:\Program Files\Intel\iCLS Client\;C:\windows\system32;C:\windows;C:\windows\System32\Wbem;C:\windows\System32\WindowsPowerShell\v1.0\;C:\Program Files\Intel\Intel(R) Management Engine Components\DAL;C:\Program Files\Intel\Intel(R) Management Engine Components\IPT;C:\Program Files (x86)\Intel\Intel(R) Management Engine Components\DAL;C:\Program Files (x86)\Intel\Intel(R) Management Engine Components\IPT;C:\Program Files\Hewlett-Packard\SimplePass\;C:\Program Files (x86)\NVIDIA Corporation\PhysX\Common;C:\WINDOWS\system32;C:\WINDOWS;C:\WINDOWS\System32\Wbem;C:\WINDOWS\System32\WindowsPowerShell\v1.0\;C:\WINDOWS\System32\OpenSSH\;C:\Program Files (x86)\AOMEI Backupper;C:\Program Files\Java\jdk1.8.0_211\bin;C:\Program Files\NVIDIA Corporation\NVIDIA NvDLISR;C:\Users\rafa\AppData\Roaming\nvm;C:\Program Files\nodejs;C:\Program Files\Java\jdk1.8.0_211\bin;C:\Users\rafa\AppData\Local\Android\Sdk\emulator;C:\Users\rafa\AppData\Local\Android\Sdk\tools;C:\Users\rafa\AppData\Local\Android\Sdk\tools\bin;C:\Users\rafa\AppData\Local\Android\Sdk\platform-tools;C:\WINDOWS\system32;C:\WINDOWS;C:\WINDOWS\System32\Wbem;C:\WINDOWS\System32\WindowsPowerShell\v1.0\;C:\WINDOWS\System32\OpenSSH\;C:\Program Files\dotnet\;C:\Program Files\Microsoft SQL Server\130\Tools\Binn\;C:\Program Files\Microsoft SQL Server\Client SDK\ODBC\170\Tools\Binn\;C:\ProgramData\chocolatey\bin;C:\Program Files\nodejs\;C:\Program Files (x86)\Yarn\bin\;C:\Program Files (x86)\dotnet\;C:\Users\rafa\AppData\Local\Microsoft\WindowsApps;C:\Users\rafa\AppData\Local\Programs\Microsoft VS Code\bin;C:\xampp\php;C:\Users\rafa\AppData\Roaming\nvm;C:\Program Files\nodejs;C:\Users\rafa\AppData\Local\GitHubDesktop\bin;C:\Users\rafa\.dotnet\tools;C:\Users\rafa\AppData\Roaming\npm;C:\Users\rafa\AppData\Local\Yarn\bin
USERNAME=rafa
OS=Windows_NT
PROCESSOR_IDENTIFIER=Intel64 Family 6 Model 60 Stepping 3, GenuineIntel



---------------  S Y S T E M  ---------------

OS: Windows 10.0 , 64 bit Build 19041 (10.0.19041.804)

CPU:total 8 (initial active 8) (4 cores per cpu, 2 threads per core) family 6 model 60 stepping 3, cmov, cx8, fxsr, mmx, sse, sse2, sse3, ssse3, sse4.1, sse4.2, popcnt, avx, avx2, aes, clmul, erms, lzcnt, ht, tsc, tscinvbit, bmi1, bmi2

Memory: 4k page, physical 16714848k(2542652k free), swap 20909152k(808k free)

vm_info: OpenJDK 64-Bit Server VM (25.242-b01) for windows-amd64 JRE (1.8.0_242-release-1644-b01), built by "builder" with MS VC++ 10.0 (VS2010)

time: Sun Feb 14 12:06:20 2021
timezone: Hora estándar romance
elapsed time: 52 seconds (0d 0h 0m 52s)

